<?xml version="1.0" encoding="UTF-8"?>
<!-- Generated by org.testng.reporters.JUnitXMLReporter -->
<testsuite hostname="MRNDTHTEQCL0002" ignored="0" name="Test" tests="2" failures="1" timestamp="14 Feb 2020 12:25:14 GMT" time="0.064" errors="0">
  <testcase name="@BeforeSuite setup" time="15.756" classname="pageActions.baseClass">
    <failure type="org.openqa.selenium.SessionNotCreatedException" message="session not created: This version of ChromeDriver only supports Chrome version 81
Build info: version: &amp;apos;3.141.59&amp;apos;, revision: &amp;apos;e82be7d358&amp;apos;, time: &amp;apos;2018-11-14T08:17:03&amp;apos;
System info: host: &amp;apos;MRNDTHTEQCL0002&amp;apos;, ip: &amp;apos;192.168.181.2&amp;apos;, os.name: &amp;apos;Windows 8.1&amp;apos;, os.arch: &amp;apos;amd64&amp;apos;, os.version: &amp;apos;6.3&amp;apos;, java.version: &amp;apos;1.8.0_51&amp;apos;
Driver info: driver.version: ChromeDriver
remote stacktrace: Backtrace:
	Ordinal0 [0x003B5D53+2448723]
	Ordinal0 [0x002E8131+1605937]
	Ordinal0 [0x001DF879+522361]
	Ordinal0 [0x001705F3+67059]
	Ordinal0 [0x0016CD92+52626]
	Ordinal0 [0x0018C127+180519]
	Ordinal0 [0x0018BF2D+180013]
	Ordinal0 [0x00189E5B+171611]
	Ordinal0 [0x00171DD8+73176]
	Ordinal0 [0x00172E50+77392]
	Ordinal0 [0x00172DE9+77289]
	Ordinal0 [0x002FD6A7+1693351]
	GetHandleVerifier [0x00453E16+522726]
	GetHandleVerifier [0x00453B54+522020]
	GetHandleVerifier [0x00468F67+609079]
	GetHandleVerifier [0x00454686+524886]
	Ordinal0 [0x002F5A8C+1661580]
	Ordinal0 [0x002FF00B+1699851]
	Ordinal0 [0x002FF173+1700211]
	Ordinal0 [0x00314FE5+1789925]
	BaseThreadInitThunk [0x778B7C04+36]
	RtlInitializeExceptionChain [0x77D2AD2F+143]
	RtlInitializeExceptionChain [0x77D2ACFA+90]
">
      <![CDATA[org.openqa.selenium.SessionNotCreatedException: session not created: This version of ChromeDriver only supports Chrome version 81
Build info: version: '3.141.59', revision: 'e82be7d358', time: '2018-11-14T08:17:03'
System info: host: 'MRNDTHTEQCL0002', ip: '192.168.181.2', os.name: 'Windows 8.1', os.arch: 'amd64', os.version: '6.3', java.version: '1.8.0_51'
Driver info: driver.version: ChromeDriver
remote stacktrace: Backtrace:
Ordinal0 [0x003B5D53+2448723]
Ordinal0 [0x002E8131+1605937]
Ordinal0 [0x001DF879+522361]
Ordinal0 [0x001705F3+67059]
Ordinal0 [0x0016CD92+52626]
Ordinal0 [0x0018C127+180519]
Ordinal0 [0x0018BF2D+180013]
Ordinal0 [0x00189E5B+171611]
Ordinal0 [0x00171DD8+73176]
Ordinal0 [0x00172E50+77392]
Ordinal0 [0x00172DE9+77289]
Ordinal0 [0x002FD6A7+1693351]
GetHandleVerifier [0x00453E16+522726]
GetHandleVerifier [0x00453B54+522020]
GetHandleVerifier [0x00468F67+609079]
GetHandleVerifier [0x00454686+524886]
Ordinal0 [0x002F5A8C+1661580]
Ordinal0 [0x002FF00B+1699851]
Ordinal0 [0x002FF173+1700211]
Ordinal0 [0x00314FE5+1789925]
BaseThreadInitThunk [0x778B7C04+36]
RtlInitializeExceptionChain [0x77D2AD2F+143]
RtlInitializeExceptionChain [0x77D2ACFA+90]

at org.openqa.selenium.remote.W3CHandshakeResponse.lambda$errorHandler$0(W3CHandshakeResponse.java:62)
at org.openqa.selenium.remote.W3CHandshakeResponse$$Lambda$202/50345623.apply(Unknown Source)
at org.openqa.selenium.remote.HandshakeResponse.lambda$getResponseFunction$0(HandshakeResponse.java:30)
at org.openqa.selenium.remote.HandshakeResponse$$Lambda$197/298724898.apply(Unknown Source)
at org.openqa.selenium.remote.ProtocolHandshake.lambda$createSession$0(ProtocolHandshake.java:126)
at org.openqa.selenium.remote.ProtocolHandshake$$Lambda$198/989440614.apply(Unknown Source)
at java.util.stream.ReferencePipeline$3$1.accept(ReferencePipeline.java:193)
at java.util.Spliterators$ArraySpliterator.tryAdvance(Spliterators.java:958)
at java.util.stream.ReferencePipeline.forEachWithCancel(ReferencePipeline.java:126)
at java.util.stream.AbstractPipeline.copyIntoWithCancel(AbstractPipeline.java:529)
at java.util.stream.AbstractPipeline.copyInto(AbstractPipeline.java:516)
at java.util.stream.AbstractPipeline.wrapAndCopyInto(AbstractPipeline.java:502)
at java.util.stream.FindOps$FindOp.evaluateSequential(FindOps.java:152)
at java.util.stream.AbstractPipeline.evaluate(AbstractPipeline.java:234)
at java.util.stream.ReferencePipeline.findFirst(ReferencePipeline.java:464)
at org.openqa.selenium.remote.ProtocolHandshake.createSession(ProtocolHandshake.java:128)
at org.openqa.selenium.remote.ProtocolHandshake.createSession(ProtocolHandshake.java:74)
at org.openqa.selenium.remote.HttpCommandExecutor.execute(HttpCommandExecutor.java:136)
at org.openqa.selenium.remote.service.DriverCommandExecutor.execute(DriverCommandExecutor.java:83)
at org.openqa.selenium.remote.RemoteWebDriver.execute(RemoteWebDriver.java:552)
at org.openqa.selenium.remote.RemoteWebDriver.startSession(RemoteWebDriver.java:213)
at org.openqa.selenium.remote.RemoteWebDriver.<init>(RemoteWebDriver.java:131)
at org.openqa.selenium.chrome.ChromeDriver.<init>(ChromeDriver.java:181)
at org.openqa.selenium.chrome.ChromeDriver.<init>(ChromeDriver.java:168)
at org.openqa.selenium.chrome.ChromeDriver.<init>(ChromeDriver.java:157)
at pageActions.baseClass.setup(baseClass.java:70)
... Removed 24 stack frames]]>
    </failure>
  </testcase> <!-- @BeforeSuite setup -->
  <testcase name="@BeforeClass beforeClass" time="0.0" classname="pageActions.baseClass">
    <skipped/>
  </testcase> <!-- @BeforeClass beforeClass -->
  <testcase name="@BeforeMethod beforeMethod" time="0.0" classname="pageActions.baseClass">
    <skipped/>
  </testcase> <!-- @BeforeMethod beforeMethod -->
  <testcase name="pgPosting" time="0.001" classname="testSuite.TC1">
    <skipped/>
  </testcase> <!-- pgPosting -->
  <testcase name="pgPosting" time="0.027" classname="testSuite.TC1">
    <failure type="java.lang.NullPointerException">
      <![CDATA[java.lang.NullPointerException
at Listeners.CustomListeners.onTestSkipped(CustomListeners.java:93)
... Removed 23 stack frames]]>
    </failure>
  </testcase> <!-- pgPosting -->
</testsuite> <!-- Test -->
