<?xml version="1.0" encoding="UTF-8"?>
<testng-results skipped="1" failed="0" ignored="0" total="1" passed="0">
  <reporter-output>
  </reporter-output>
  <suite name="Default suite" duration-ms="111" started-at="2020-02-18T09:54:30Z" finished-at="2020-02-18T09:54:30Z">
    <groups>
    </groups>
    <test name="Default test" duration-ms="111" started-at="2020-02-18T09:54:30Z" finished-at="2020-02-18T09:54:30Z">
      <class name="testSuite.TC1">
        <test-method status="FAIL" signature="setup()[pri:0, instance:testSuite.TC1@52bf72b5]" name="setup" is-config="true" duration-ms="9961" started-at="2020-02-18T09:54:20Z" finished-at="2020-02-18T09:54:30Z">
          <exception class="org.openqa.selenium.SessionNotCreatedException">
            <message>
              <![CDATA[session not created: This version of ChromeDriver only supports Chrome version 81
Build info: version: '3.141.59', revision: 'e82be7d358', time: '2018-11-14T08:17:03'
System info: host: 'MRNDTHTEQCL0002', ip: '192.168.181.2', os.name: 'Windows 8.1', os.arch: 'amd64', os.version: '6.3', java.version: '1.8.0_51'
Driver info: driver.version: ChromeDriver
remote stacktrace: Backtrace:
Ordinal0 [0x010D5D53+2448723]
Ordinal0 [0x01008131+1605937]
Ordinal0 [0x00EFF879+522361]
Ordinal0 [0x00E905F3+67059]
Ordinal0 [0x00E8CD92+52626]
Ordinal0 [0x00EAC127+180519]
Ordinal0 [0x00EABF2D+180013]
Ordinal0 [0x00EA9E5B+171611]
Ordinal0 [0x00E91DD8+73176]
Ordinal0 [0x00E92E50+77392]
Ordinal0 [0x00E92DE9+77289]
Ordinal0 [0x0101D6A7+1693351]
GetHandleVerifier [0x01173E16+522726]
GetHandleVerifier [0x01173B54+522020]
GetHandleVerifier [0x01188F67+609079]
GetHandleVerifier [0x01174686+524886]
Ordinal0 [0x01015A8C+1661580]
Ordinal0 [0x0101F00B+1699851]
Ordinal0 [0x0101F173+1700211]
Ordinal0 [0x01034FE5+1789925]
BaseThreadInitThunk [0x778B7C04+36]
RtlInitializeExceptionChain [0x77D2AD2F+143]
RtlInitializeExceptionChain [0x77D2ACFA+90]
]]>
            </message>
            <full-stacktrace>
              <![CDATA[org.openqa.selenium.SessionNotCreatedException: session not created: This version of ChromeDriver only supports Chrome version 81
Build info: version: '3.141.59', revision: 'e82be7d358', time: '2018-11-14T08:17:03'
System info: host: 'MRNDTHTEQCL0002', ip: '192.168.181.2', os.name: 'Windows 8.1', os.arch: 'amd64', os.version: '6.3', java.version: '1.8.0_51'
Driver info: driver.version: ChromeDriver
remote stacktrace: Backtrace:
Ordinal0 [0x010D5D53+2448723]
Ordinal0 [0x01008131+1605937]
Ordinal0 [0x00EFF879+522361]
Ordinal0 [0x00E905F3+67059]
Ordinal0 [0x00E8CD92+52626]
Ordinal0 [0x00EAC127+180519]
Ordinal0 [0x00EABF2D+180013]
Ordinal0 [0x00EA9E5B+171611]
Ordinal0 [0x00E91DD8+73176]
Ordinal0 [0x00E92E50+77392]
Ordinal0 [0x00E92DE9+77289]
Ordinal0 [0x0101D6A7+1693351]
GetHandleVerifier [0x01173E16+522726]
GetHandleVerifier [0x01173B54+522020]
GetHandleVerifier [0x01188F67+609079]
GetHandleVerifier [0x01174686+524886]
Ordinal0 [0x01015A8C+1661580]
Ordinal0 [0x0101F00B+1699851]
Ordinal0 [0x0101F173+1700211]
Ordinal0 [0x01034FE5+1789925]
BaseThreadInitThunk [0x778B7C04+36]
RtlInitializeExceptionChain [0x77D2AD2F+143]
RtlInitializeExceptionChain [0x77D2ACFA+90]

at sun.reflect.NativeConstructorAccessorImpl.newInstance0(Native Method)
at sun.reflect.NativeConstructorAccessorImpl.newInstance(NativeConstructorAccessorImpl.java:62)
at sun.reflect.DelegatingConstructorAccessorImpl.newInstance(DelegatingConstructorAccessorImpl.java:45)
at java.lang.reflect.Constructor.newInstance(Constructor.java:422)
at org.openqa.selenium.remote.W3CHandshakeResponse.lambda$errorHandler$0(W3CHandshakeResponse.java:62)
at org.openqa.selenium.remote.W3CHandshakeResponse$$Lambda$202/622772003.apply(Unknown Source)
at org.openqa.selenium.remote.HandshakeResponse.lambda$getResponseFunction$0(HandshakeResponse.java:30)
at org.openqa.selenium.remote.HandshakeResponse$$Lambda$197/1460696714.apply(Unknown Source)
at org.openqa.selenium.remote.ProtocolHandshake.lambda$createSession$0(ProtocolHandshake.java:126)
at org.openqa.selenium.remote.ProtocolHandshake$$Lambda$198/807872790.apply(Unknown Source)
at java.util.stream.ReferencePipeline$3$1.accept(ReferencePipeline.java:193)
at java.util.Spliterators$ArraySpliterator.tryAdvance(Spliterators.java:958)
at java.util.stream.ReferencePipeline.forEachWithCancel(ReferencePipeline.java:126)
at java.util.stream.AbstractPipeline.copyIntoWithCancel(AbstractPipeline.java:529)
at java.util.stream.AbstractPipeline.copyInto(AbstractPipeline.java:516)
at java.util.stream.AbstractPipeline.wrapAndCopyInto(AbstractPipeline.java:502)
at java.util.stream.FindOps$FindOp.evaluateSequential(FindOps.java:152)
at java.util.stream.AbstractPipeline.evaluate(AbstractPipeline.java:234)
at java.util.stream.ReferencePipeline.findFirst(ReferencePipeline.java:464)
at org.openqa.selenium.remote.ProtocolHandshake.createSession(ProtocolHandshake.java:128)
at org.openqa.selenium.remote.ProtocolHandshake.createSession(ProtocolHandshake.java:74)
at org.openqa.selenium.remote.HttpCommandExecutor.execute(HttpCommandExecutor.java:136)
at org.openqa.selenium.remote.service.DriverCommandExecutor.execute(DriverCommandExecutor.java:83)
at org.openqa.selenium.remote.RemoteWebDriver.execute(RemoteWebDriver.java:552)
at org.openqa.selenium.remote.RemoteWebDriver.startSession(RemoteWebDriver.java:213)
at org.openqa.selenium.remote.RemoteWebDriver.<init>(RemoteWebDriver.java:131)
at org.openqa.selenium.chrome.ChromeDriver.<init>(ChromeDriver.java:181)
at org.openqa.selenium.chrome.ChromeDriver.<init>(ChromeDriver.java:168)
at org.openqa.selenium.chrome.ChromeDriver.<init>(ChromeDriver.java:157)
at pageActions.baseClass.setup(baseClass.java:70)
at sun.reflect.NativeMethodAccessorImpl.invoke0(Native Method)
at sun.reflect.NativeMethodAccessorImpl.invoke(NativeMethodAccessorImpl.java:62)
at sun.reflect.DelegatingMethodAccessorImpl.invoke(DelegatingMethodAccessorImpl.java:43)
at java.lang.reflect.Method.invoke(Method.java:497)
at org.testng.internal.MethodInvocationHelper.invokeMethod(MethodInvocationHelper.java:124)
at org.testng.internal.MethodInvocationHelper.invokeMethodConsideringTimeout(MethodInvocationHelper.java:59)
at org.testng.internal.Invoker.invokeConfigurationMethod(Invoker.java:458)
at org.testng.internal.Invoker.invokeConfigurations(Invoker.java:222)
at org.testng.internal.Invoker.invokeConfigurations(Invoker.java:142)
at org.testng.SuiteRunner.privateRun(SuiteRunner.java:401)
at org.testng.SuiteRunner.run(SuiteRunner.java:364)
at org.testng.SuiteRunnerWorker.runSuite(SuiteRunnerWorker.java:52)
at org.testng.SuiteRunnerWorker.run(SuiteRunnerWorker.java:84)
at org.testng.TestNG.runSuitesSequentially(TestNG.java:1208)
at org.testng.TestNG.runSuitesLocally(TestNG.java:1137)
at org.testng.TestNG.runSuites(TestNG.java:1049)
at org.testng.TestNG.run(TestNG.java:1017)
at org.testng.remote.AbstractRemoteTestNG.run(AbstractRemoteTestNG.java:114)
at org.testng.remote.RemoteTestNG.initAndRun(RemoteTestNG.java:251)
at org.testng.remote.RemoteTestNG.main(RemoteTestNG.java:77)
]]>
            </full-stacktrace>
          </exception> <!-- org.openqa.selenium.SessionNotCreatedException -->
          <reporter-output>
          </reporter-output>
        </test-method> <!-- setup -->
        <test-method status="SKIP" signature="beforeClass()[pri:0, instance:testSuite.TC1@52bf72b5]" name="beforeClass" is-config="true" duration-ms="0" started-at="2020-02-18T09:54:30Z" finished-at="2020-02-18T09:54:30Z">
          <reporter-output>
          </reporter-output>
        </test-method> <!-- beforeClass -->
        <test-method status="SKIP" signature="beforeMethod(java.lang.reflect.Method)[pri:0, instance:testSuite.TC1@52bf72b5]" name="beforeMethod" is-config="true" duration-ms="0" started-at="2020-02-18T09:54:30Z" finished-at="2020-02-18T09:54:30Z">
          <reporter-output>
          </reporter-output>
        </test-method> <!-- beforeMethod -->
        <test-method status="SKIP" signature="pgPosting()[pri:0, instance:testSuite.TC1@52bf72b5]" name="pgPosting" duration-ms="0" started-at="2020-02-18T09:54:30Z" finished-at="2020-02-18T09:54:30Z">
          <exception class="org.openqa.selenium.SessionNotCreatedException">
            <message>
              <![CDATA[session not created: This version of ChromeDriver only supports Chrome version 81
Build info: version: '3.141.59', revision: 'e82be7d358', time: '2018-11-14T08:17:03'
System info: host: 'MRNDTHTEQCL0002', ip: '192.168.181.2', os.name: 'Windows 8.1', os.arch: 'amd64', os.version: '6.3', java.version: '1.8.0_51'
Driver info: driver.version: ChromeDriver
remote stacktrace: Backtrace:
Ordinal0 [0x010D5D53+2448723]
Ordinal0 [0x01008131+1605937]
Ordinal0 [0x00EFF879+522361]
Ordinal0 [0x00E905F3+67059]
Ordinal0 [0x00E8CD92+52626]
Ordinal0 [0x00EAC127+180519]
Ordinal0 [0x00EABF2D+180013]
Ordinal0 [0x00EA9E5B+171611]
Ordinal0 [0x00E91DD8+73176]
Ordinal0 [0x00E92E50+77392]
Ordinal0 [0x00E92DE9+77289]
Ordinal0 [0x0101D6A7+1693351]
GetHandleVerifier [0x01173E16+522726]
GetHandleVerifier [0x01173B54+522020]
GetHandleVerifier [0x01188F67+609079]
GetHandleVerifier [0x01174686+524886]
Ordinal0 [0x01015A8C+1661580]
Ordinal0 [0x0101F00B+1699851]
Ordinal0 [0x0101F173+1700211]
Ordinal0 [0x01034FE5+1789925]
BaseThreadInitThunk [0x778B7C04+36]
RtlInitializeExceptionChain [0x77D2AD2F+143]
RtlInitializeExceptionChain [0x77D2ACFA+90]
]]>
            </message>
            <full-stacktrace>
              <![CDATA[org.openqa.selenium.SessionNotCreatedException: session not created: This version of ChromeDriver only supports Chrome version 81
Build info: version: '3.141.59', revision: 'e82be7d358', time: '2018-11-14T08:17:03'
System info: host: 'MRNDTHTEQCL0002', ip: '192.168.181.2', os.name: 'Windows 8.1', os.arch: 'amd64', os.version: '6.3', java.version: '1.8.0_51'
Driver info: driver.version: ChromeDriver
remote stacktrace: Backtrace:
Ordinal0 [0x010D5D53+2448723]
Ordinal0 [0x01008131+1605937]
Ordinal0 [0x00EFF879+522361]
Ordinal0 [0x00E905F3+67059]
Ordinal0 [0x00E8CD92+52626]
Ordinal0 [0x00EAC127+180519]
Ordinal0 [0x00EABF2D+180013]
Ordinal0 [0x00EA9E5B+171611]
Ordinal0 [0x00E91DD8+73176]
Ordinal0 [0x00E92E50+77392]
Ordinal0 [0x00E92DE9+77289]
Ordinal0 [0x0101D6A7+1693351]
GetHandleVerifier [0x01173E16+522726]
GetHandleVerifier [0x01173B54+522020]
GetHandleVerifier [0x01188F67+609079]
GetHandleVerifier [0x01174686+524886]
Ordinal0 [0x01015A8C+1661580]
Ordinal0 [0x0101F00B+1699851]
Ordinal0 [0x0101F173+1700211]
Ordinal0 [0x01034FE5+1789925]
BaseThreadInitThunk [0x778B7C04+36]
RtlInitializeExceptionChain [0x77D2AD2F+143]
RtlInitializeExceptionChain [0x77D2ACFA+90]

at sun.reflect.NativeConstructorAccessorImpl.newInstance0(Native Method)
at sun.reflect.NativeConstructorAccessorImpl.newInstance(NativeConstructorAccessorImpl.java:62)
at sun.reflect.DelegatingConstructorAccessorImpl.newInstance(DelegatingConstructorAccessorImpl.java:45)
at java.lang.reflect.Constructor.newInstance(Constructor.java:422)
at org.openqa.selenium.remote.W3CHandshakeResponse.lambda$errorHandler$0(W3CHandshakeResponse.java:62)
at org.openqa.selenium.remote.W3CHandshakeResponse$$Lambda$202/622772003.apply(Unknown Source)
at org.openqa.selenium.remote.HandshakeResponse.lambda$getResponseFunction$0(HandshakeResponse.java:30)
at org.openqa.selenium.remote.HandshakeResponse$$Lambda$197/1460696714.apply(Unknown Source)
at org.openqa.selenium.remote.ProtocolHandshake.lambda$createSession$0(ProtocolHandshake.java:126)
at org.openqa.selenium.remote.ProtocolHandshake$$Lambda$198/807872790.apply(Unknown Source)
at java.util.stream.ReferencePipeline$3$1.accept(ReferencePipeline.java:193)
at java.util.Spliterators$ArraySpliterator.tryAdvance(Spliterators.java:958)
at java.util.stream.ReferencePipeline.forEachWithCancel(ReferencePipeline.java:126)
at java.util.stream.AbstractPipeline.copyIntoWithCancel(AbstractPipeline.java:529)
at java.util.stream.AbstractPipeline.copyInto(AbstractPipeline.java:516)
at java.util.stream.AbstractPipeline.wrapAndCopyInto(AbstractPipeline.java:502)
at java.util.stream.FindOps$FindOp.evaluateSequential(FindOps.java:152)
at java.util.stream.AbstractPipeline.evaluate(AbstractPipeline.java:234)
at java.util.stream.ReferencePipeline.findFirst(ReferencePipeline.java:464)
at org.openqa.selenium.remote.ProtocolHandshake.createSession(ProtocolHandshake.java:128)
at org.openqa.selenium.remote.ProtocolHandshake.createSession(ProtocolHandshake.java:74)
at org.openqa.selenium.remote.HttpCommandExecutor.execute(HttpCommandExecutor.java:136)
at org.openqa.selenium.remote.service.DriverCommandExecutor.execute(DriverCommandExecutor.java:83)
at org.openqa.selenium.remote.RemoteWebDriver.execute(RemoteWebDriver.java:552)
at org.openqa.selenium.remote.RemoteWebDriver.startSession(RemoteWebDriver.java:213)
at org.openqa.selenium.remote.RemoteWebDriver.<init>(RemoteWebDriver.java:131)
at org.openqa.selenium.chrome.ChromeDriver.<init>(ChromeDriver.java:181)
at org.openqa.selenium.chrome.ChromeDriver.<init>(ChromeDriver.java:168)
at org.openqa.selenium.chrome.ChromeDriver.<init>(ChromeDriver.java:157)
at pageActions.baseClass.setup(baseClass.java:70)
at sun.reflect.NativeMethodAccessorImpl.invoke0(Native Method)
at sun.reflect.NativeMethodAccessorImpl.invoke(NativeMethodAccessorImpl.java:62)
at sun.reflect.DelegatingMethodAccessorImpl.invoke(DelegatingMethodAccessorImpl.java:43)
at java.lang.reflect.Method.invoke(Method.java:497)
at org.testng.internal.MethodInvocationHelper.invokeMethod(MethodInvocationHelper.java:124)
at org.testng.internal.MethodInvocationHelper.invokeMethodConsideringTimeout(MethodInvocationHelper.java:59)
at org.testng.internal.Invoker.invokeConfigurationMethod(Invoker.java:458)
at org.testng.internal.Invoker.invokeConfigurations(Invoker.java:222)
at org.testng.internal.Invoker.invokeConfigurations(Invoker.java:142)
at org.testng.SuiteRunner.privateRun(SuiteRunner.java:401)
at org.testng.SuiteRunner.run(SuiteRunner.java:364)
at org.testng.SuiteRunnerWorker.runSuite(SuiteRunnerWorker.java:52)
at org.testng.SuiteRunnerWorker.run(SuiteRunnerWorker.java:84)
at org.testng.TestNG.runSuitesSequentially(TestNG.java:1208)
at org.testng.TestNG.runSuitesLocally(TestNG.java:1137)
at org.testng.TestNG.runSuites(TestNG.java:1049)
at org.testng.TestNG.run(TestNG.java:1017)
at org.testng.remote.AbstractRemoteTestNG.run(AbstractRemoteTestNG.java:114)
at org.testng.remote.RemoteTestNG.initAndRun(RemoteTestNG.java:251)
at org.testng.remote.RemoteTestNG.main(RemoteTestNG.java:77)
]]>
            </full-stacktrace>
          </exception> <!-- org.openqa.selenium.SessionNotCreatedException -->
          <reporter-output>
          </reporter-output>
        </test-method> <!-- pgPosting -->
        <test-method status="SKIP" signature="tearDown()[pri:0, instance:testSuite.TC1@52bf72b5]" name="tearDown" is-config="true" duration-ms="0" started-at="2020-02-18T09:54:31Z" finished-at="2020-02-18T09:54:31Z">
          <reporter-output>
          </reporter-output>
        </test-method> <!-- tearDown -->
      </class> <!-- testSuite.TC1 -->
    </test> <!-- Default test -->
  </suite> <!-- Default suite -->
</testng-results>
